<?xml version="1.0" encoding="UTF-8"?>
<!-- Generated by org.testng.reporters.JUnitReportReporter -->
<testsuite hostname="TULP048" failures="0" tests="4" name="api.test.UserTest" time="7.951" errors="0" timestamp="2023-10-20T13:58:12 IST" skipped="0">
  <testcase classname="api.test.UserTest" name="testPostUser" time="3.469"/>
  <system-out/>
  <testcase classname="api.test.UserTest" name="testGetUser" time="1.164"/>
  <system-out/>
  <testcase classname="api.test.UserTest" name="testUpdateUserByName" time="2.249"/>
  <system-out/>
  <testcase classname="api.test.UserTest" name="testDeleteUserByName" time="1.069"/>
  <system-out/>
</testsuite> <!-- api.test.UserTest -->
