<?xml version="1.0" encoding="UTF-8"?>
<!-- Generated by org.testng.reporters.JUnitReportReporter -->
<testsuite hostname="TULP048" failures="0" tests="1" name="ExtentDemo.DemoExtentReport" time="0.029" errors="0" timestamp="2023-10-21T20:30:27 IST" skipped="0">
  <testcase classname="ExtentDemo.DemoExtentReport" name="Testcase_001" time="0.029"/>
  <system-out/>
</testsuite> <!-- ExtentDemo.DemoExtentReport -->
