<?xml version="1.0" encoding="UTF-8"?>
<!-- Generated by org.testng.reporters.JUnitReportReporter -->
<testsuite hostname="TULP048" failures="0" tests="6" name="api.test.DDTest" time="8.521" errors="0" timestamp="2023-10-13T16:40:30 IST" skipped="0">
  <testcase classname="api.test.DDTest" name="testPostuser" time="2.904"/>
  <system-out/>
  <testcase classname="api.test.DDTest" name="testPostuser" time="1.097"/>
  <system-out/>
  <testcase classname="api.test.DDTest" name="testPostuser" time="1.115"/>
  <system-out/>
  <testcase classname="api.test.DDTest" name="testDeleteUserByName" time="1.129"/>
  <system-out/>
  <testcase classname="api.test.DDTest" name="testDeleteUserByName" time="1.157"/>
  <system-out/>
  <testcase classname="api.test.DDTest" name="testDeleteUserByName" time="1.119"/>
  <system-out/>
</testsuite> <!-- api.test.DDTest -->
