<?xml version="1.0" encoding="UTF-8"?>
<!-- Generated by org.testng.reporters.JUnitReportReporter -->
<testsuite hostname="TULP048" failures="0" tests="4" name="api.test.UserTest" time="9.386" errors="0" timestamp="2023-10-30T14:34:24 IST" skipped="0">
  <testcase classname="api.test.UserTest" name="testPostUser" time="3.408"/>
  <system-out/>
  <testcase classname="api.test.UserTest" name="testGetUser" time="1.488"/>
  <system-out/>
  <testcase classname="api.test.UserTest" name="testUpdateUserByName" time="3.106"/>
  <system-out/>
  <testcase classname="api.test.UserTest" name="testDeleteUserByName" time="1.384"/>
  <system-out/>
</testsuite> <!-- api.test.UserTest -->
