<?xml version="1.0" encoding="UTF-8"?>
<!-- Generated by org.testng.reporters.JUnitReportReporter -->
<testsuite hostname="TULP048" failures="0" tests="4" name="api.test.UserTest" time="7.309" errors="0" timestamp="2023-11-01T20:15:32 IST" skipped="0">
  <testcase classname="api.test.UserTest" name="testPostUser" time="2.639"/>
  <system-out/>
  <testcase classname="api.test.UserTest" name="testGetUser" time="1.188"/>
  <system-out/>
  <testcase classname="api.test.UserTest" name="testUpdateUserByName" time="2.317"/>
  <system-out/>
  <testcase classname="api.test.UserTest" name="testDeleteUserByName" time="1.165"/>
  <system-out/>
</testsuite> <!-- api.test.UserTest -->
