<?xml version="1.0" encoding="UTF-8"?>
<!-- Generated by org.testng.reporters.JUnitReportReporter -->
<testsuite hostname="TULP048" failures="0" tests="9" name="api.test.DDTest" time="14.265" errors="0" timestamp="2023-10-30T13:04:07 IST" skipped="0">
  <testcase classname="api.test.DDTest" name="testPostuser" time="1.289"/>
  <system-out/>
  <testcase classname="api.test.DDTest" name="testPostuser" time="3.512"/>
  <system-out/>
  <testcase classname="api.test.DDTest" name="testPostuser" time="1.373"/>
  <system-out/>
  <testcase classname="api.test.DDTest" name="testGetUser" time="1.289"/>
  <system-out/>
  <testcase classname="api.test.DDTest" name="testGetUser" time="1.483"/>
  <system-out/>
  <testcase classname="api.test.DDTest" name="testGetUser" time="1.292"/>
  <system-out/>
  <testcase classname="api.test.DDTest" name="testDeleteUserByName" time="1.369"/>
  <system-out/>
  <testcase classname="api.test.DDTest" name="testDeleteUserByName" time="1.328"/>
  <system-out/>
  <testcase classname="api.test.DDTest" name="testDeleteUserByName" time="1.330"/>
  <system-out/>
</testsuite> <!-- api.test.DDTest -->
